[2022-08-09 00:29:26,760][test_order.py 20][INFO]: ----------------------------测试开始-----------------------------
[2022-08-09 00:29:27,986][test_order.py 20][INFO]: ----------------------------测试开始-----------------------------
[2022-08-09 00:29:28,191][test_order.py 30][INFO]: 创建订单请求参数：{'address': 223, 'channel': '2', 'channelShopCode': 'M2-1001', 'code': '', 'internalPurchaseVo': [{'activityId': '', 'brandNo': 10, 'count': 1, 'goodsName': 'BOOM', 'guideInfo': '', 'offlineStoreCode': '1166', 'saleType': 2, 'salesPrice': 1999, 'sku': '200502667', 'spu': 'P00211'}]}
[2022-08-09 00:29:28,227][test_order.py 33][INFO]: 1-创建订单响应值：{'code': 0, 'msg': '创建订单成功！', 'orderno': 'M25345363534534534534'}
[2022-08-09 00:29:28,230][test_order.py 44][INFO]: 实际结果：{'code': 0, 'msg': '创建订单成功！', 'orderno': 'M25345363534534534534'}， 期望结果{'code': 0, 'msg': '创建订单成功！', 'orderno': 'M25345363534534534534'}
[2022-08-09 00:29:28,241][test_order.py 67][INFO]: 2调用支付接口---请求参数======》{'openid': '1234', 'store': '1020', 'token': '234af73571da46ade79ea6a74961b1d23d609b79'}
[2022-08-09 00:29:28,273][test_order.py 72][INFO]: 实际结果：{'mdg': '调取支付接口成功!', 'code': 0}， 期望结果{'code': 0, 'mdg': '调取支付接口成功!'}
[2022-08-09 00:29:28,278][test_order.py 84][INFO]: 小程序sql语句SELECT item_biz_id from pay_bill_order_item where tid='M25345363534534534534';
[2022-08-09 00:29:28,298][test_order.py 90][INFO]: 取item_biz_id信息：P1166362221662498861056001
[2022-08-09 00:29:28,320][test_order.py 103][INFO]: 取价格信息32145
[2022-08-09 00:29:28,321][test_order.py 115][INFO]: 调用接口请求参数:{'item_ibz_id': 'P1166362221662498861056001', 'orderprice': '32145'}
[2022-08-09 00:29:28,353][test_order.py 117][INFO]: 调用接口响应值值：{'code': 0, 'msg': '支付成功!'}
[2022-08-09 00:29:28,353][test_order.py 119][INFO]: 实际结果：{'code': 0, 'msg': '支付成功!'}， 期望结果{'code': 0, 'msg': '支付成功!'}
[2022-08-09 00:29:28,353][test_order.py 122][DEBUG]: -------------------------------测试结束--------------------------------------
[2022-08-09 01:00:56,870][test_order.py 20][INFO]: ----------------------------测试开始-----------------------------
[2022-08-09 01:00:58,006][test_order.py 20][INFO]: ----------------------------测试开始-----------------------------
[2022-08-09 01:00:58,405][test_order.py 30][INFO]: 创建订单请求参数：{'address': 223, 'channel': '2', 'channelShopCode': 'M2-1001', 'code': '', 'internalPurchaseVo': [{'activityId': '', 'brandNo': 10, 'count': 1, 'goodsName': 'BOOM', 'guideInfo': '', 'offlineStoreCode': '1166', 'saleType': 2, 'salesPrice': 1999, 'sku': '200502667', 'spu': 'P00211'}]}
[2022-08-09 01:00:58,445][test_order.py 33][INFO]: 1-创建订单响应值：{'code': 0, 'msg': '创建订单成功！', 'orderno': 'M25345363534534534534'}
[2022-08-09 01:00:58,451][test_order.py 44][INFO]: 实际结果：{'code': 0, 'msg': '创建订单成功！', 'orderno': 'M25345363534534534534'}， 期望结果{'code': 0, 'msg': '创建订单成功！', 'orderno': 'M25345363534534534534'}
[2022-08-09 01:00:58,470][test_order.py 67][INFO]: 2调用支付接口---请求参数======》{'openid': '1234', 'store': '1020', 'token': '234af73571da46ade79ea6a74961b1d23d609b79'}
[2022-08-09 01:00:58,517][test_order.py 72][INFO]: 实际结果：{'mdg': '调取支付接口成功!', 'code': 0}， 期望结果{'code': 0, 'mdg': '调取支付接口成功!'}
[2022-08-09 01:00:58,527][test_order.py 84][INFO]: 小程序sql语句SELECT item_biz_id from pay_bill_order_item where tid='M25345363534534534534';
[2022-08-09 01:00:58,553][test_order.py 90][INFO]: 取item_biz_id信息：P1166362221662498861056001
[2022-08-09 01:00:58,577][test_order.py 103][INFO]: 取价格信息32145
[2022-08-09 01:00:58,579][test_order.py 115][INFO]: 调用接口请求参数:{'item_ibz_id': 'P1166362221662498861056001', 'orderprice': '32145'}
[2022-08-09 01:00:58,618][test_order.py 117][INFO]: 调用接口响应值值：{'code': 0, 'msg': '支付成功!'}
[2022-08-09 01:00:58,618][test_order.py 119][INFO]: 实际结果：{'code': 0, 'msg': '支付成功!'}， 期望结果{'code': 0, 'msg': '支付成功!'}
[2022-08-09 01:00:58,619][test_order.py 122][DEBUG]: -------------------------------测试结束--------------------------------------
[2022-08-09 11:27:05,815][test_order.py 20][INFO]: ----------------------------测试开始-----------------------------
[2022-08-09 11:27:06,100][test_order.py 30][INFO]: 创建订单请求参数：{'address': 223, 'channel': '2', 'channelShopCode': 'M2-1001', 'code': '', 'internalPurchaseVo': [{'activityId': '', 'brandNo': 10, 'count': 1, 'goodsName': 'BOOM', 'guideInfo': '', 'offlineStoreCode': '1166', 'saleType': 2, 'salesPrice': 1999, 'sku': '200502667', 'spu': 'P00211'}]}
[2022-08-09 11:27:06,133][test_order.py 33][INFO]: 1-创建订单响应值：{'code': 0, 'msg': '创建订单成功！', 'orderno': 'M25345363534534534534'}
[2022-08-09 11:27:06,140][test_order.py 44][INFO]: 实际结果：{'code': 0, 'msg': '创建订单成功！', 'orderno': 'M25345363534534534534'}， 期望结果{'code': 0, 'msg': '创建订单成功！', 'orderno': 'M25345363534534534534'}
[2022-08-09 11:27:06,177][test_order.py 67][INFO]: 2调用支付接口---请求参数======》{'openid': '1234', 'store': '1020', 'token': '234af73571da46ade79ea6a74961b1d23d609b79'}
[2022-08-09 11:27:06,216][test_order.py 72][INFO]: 实际结果：{'mdg': '调取支付接口成功!', 'code': 0}， 期望结果{'code': 0, 'mdg': '调取支付接口成功!'}
[2022-08-09 11:27:06,222][test_order.py 84][INFO]: 小程序sql语句SELECT item_biz_id from pay_bill_order_item where tid='M25345363534534534534';
[2022-08-09 11:27:06,243][test_order.py 90][INFO]: 取item_biz_id信息：P1166362221662498861056001
[2022-08-09 11:27:06,263][test_order.py 103][INFO]: 取价格信息32145
[2022-08-09 11:27:06,270][test_order.py 115][INFO]: 调用接口请求参数:{'item_ibz_id': 'P1166362221662498861056001', 'orderprice': '32145'}
[2022-08-09 11:27:06,305][test_order.py 117][INFO]: 调用接口响应值值：{'code': 0, 'msg': '支付成功!'}
[2022-08-09 11:27:06,305][test_order.py 119][INFO]: 实际结果：{'code': 0, 'msg': '支付成功!'}， 期望结果{'code': 0, 'msg': '支付成功!'}
[2022-08-09 11:27:06,307][test_order.py 122][DEBUG]: -------------------------------测试结束--------------------------------------
[2022-08-09 11:32:42,477][test_order.py 20][INFO]: ----------------------------测试开始-----------------------------
[2022-08-09 11:32:42,723][test_order.py 30][INFO]: 创建订单请求参数：{'address': 223, 'channel': '2', 'channelShopCode': 'M2-1001', 'code': '', 'internalPurchaseVo': [{'activityId': '', 'brandNo': 10, 'count': 1, 'goodsName': 'BOOM', 'guideInfo': '', 'offlineStoreCode': '1166', 'saleType': 2, 'salesPrice': 1999, 'sku': '200502667', 'spu': 'P00211'}]}
[2022-08-09 11:32:42,756][test_order.py 33][INFO]: 1-创建订单响应值：{'code': 0, 'msg': '创建订单成功！', 'orderno': 'M25345363534534534534'}
[2022-08-09 11:32:42,760][test_order.py 44][INFO]: 实际结果：{'code': 0, 'msg': '创建订单成功！', 'orderno': 'M25345363534534534534'}， 期望结果{'code': 0, 'msg': '创建订单成功！', 'orderno': 'M25345363534534534534'}
[2022-08-09 11:32:42,773][test_order.py 67][INFO]: 2调用支付接口---请求参数======》{'openid': '1234', 'store': '1020', 'token': '234af73571da46ade79ea6a74961b1d23d609b79'}
[2022-08-09 11:32:42,815][test_order.py 72][INFO]: 实际结果：{'mdg': '调取支付接口成功!', 'code': 0}， 期望结果{'code': 0, 'mdg': '调取支付接口成功!'}
[2022-08-09 11:32:42,821][test_order.py 84][INFO]: 小程序sql语句SELECT item_biz_id from pay_bill_order_item where tid='M25345363534534534534';
[2022-08-09 11:32:42,843][test_order.py 90][INFO]: 取item_biz_id信息：P1166362221662498861056001
[2022-08-09 11:32:42,865][test_order.py 103][INFO]: 取价格信息32145
[2022-08-09 11:32:42,866][test_order.py 115][INFO]: 调用接口请求参数:{'item_ibz_id': 'P1166362221662498861056001', 'orderprice': '32145'}
[2022-08-09 11:32:42,899][test_order.py 117][INFO]: 调用接口响应值值：{'code': 0, 'msg': '支付成功!'}
[2022-08-09 11:32:42,899][test_order.py 119][INFO]: 实际结果：{'code': 0, 'msg': '支付成功!'}， 期望结果{'code': 0, 'msg': '支付成功!'}
[2022-08-09 11:32:42,900][test_order.py 122][DEBUG]: -------------------------------测试结束--------------------------------------
[2022-08-09 11:35:00,172][test_order.py 20][INFO]: ----------------------------测试开始-----------------------------
[2022-08-09 11:35:00,393][test_order.py 30][INFO]: 创建订单请求参数：{'address': 223, 'channel': '2', 'channelShopCode': 'M2-1001', 'code': '', 'internalPurchaseVo': [{'activityId': '', 'brandNo': 10, 'count': 1, 'goodsName': 'BOOM', 'guideInfo': '', 'offlineStoreCode': '1166', 'saleType': 2, 'salesPrice': 1999, 'sku': '200502667', 'spu': 'P00211'}]}
[2022-08-09 11:35:00,424][test_order.py 33][INFO]: 1-创建订单响应值：{'code': 0, 'msg': '创建订单成功！', 'orderno': 'M25345363534534534534'}
[2022-08-09 11:35:00,426][test_order.py 44][INFO]: 实际结果：{'code': 0, 'msg': '创建订单成功！', 'orderno': 'M25345363534534534534'}， 期望结果{'code': 0, 'msg': '创建订单成功！', 'orderno': 'M25345363534534534534'}
[2022-08-09 11:35:00,436][test_order.py 67][INFO]: 2调用支付接口---请求参数======》{'openid': '1234', 'store': '1020', 'token': '234af73571da46ade79ea6a74961b1d23d609b79'}
[2022-08-09 11:35:00,467][test_order.py 72][INFO]: 实际结果：{'mdg': '调取支付接口成功!', 'code': 0}， 期望结果{'code': 0, 'mdg': '调取支付接口成功!'}
[2022-08-09 11:35:00,472][test_order.py 84][INFO]: 小程序sql语句SELECT item_biz_id from pay_bill_order_item where tid='M25345363534534534534';
[2022-08-09 11:35:00,493][test_order.py 90][INFO]: 取item_biz_id信息：P1166362221662498861056001
[2022-08-09 11:35:00,513][test_order.py 103][INFO]: 取价格信息32145
[2022-08-09 11:35:00,514][test_order.py 115][INFO]: 调用接口请求参数:{'item_ibz_id': 'P1166362221662498861056001', 'orderprice': '32145'}
[2022-08-09 11:35:00,548][test_order.py 117][INFO]: 调用接口响应值值：{'code': 0, 'msg': '支付成功!'}
[2022-08-09 11:35:00,548][test_order.py 119][INFO]: 实际结果：{'code': 0, 'msg': '支付成功!'}， 期望结果{'code': 0, 'msg': '支付成功!'}
[2022-08-09 11:35:00,548][test_order.py 122][DEBUG]: -------------------------------测试结束--------------------------------------
[2022-08-09 11:44:04,124][test_order.py 20][INFO]: ----------------------------测试开始-----------------------------
[2022-08-09 11:44:04,999][test_order.py 20][INFO]: ----------------------------测试开始-----------------------------
[2022-08-09 11:44:05,284][test_order.py 30][INFO]: 创建订单请求参数：{'address': 223, 'channel': '2', 'channelShopCode': 'M2-1001', 'code': '', 'internalPurchaseVo': [{'activityId': '', 'brandNo': 10, 'count': 1, 'goodsName': 'BOOM', 'guideInfo': '', 'offlineStoreCode': '1166', 'saleType': 2, 'salesPrice': 1999, 'sku': '200502667', 'spu': 'P00211'}]}
[2022-08-09 11:44:05,320][test_order.py 33][INFO]: 1-创建订单响应值：{'code': 0, 'msg': '创建订单成功！', 'orderno': 'M25345363534534534534'}
[2022-08-09 11:44:05,324][test_order.py 44][INFO]: 实际结果：{'code': 0, 'msg': '创建订单成功！', 'orderno': 'M25345363534534534534'}， 期望结果{'code': 0, 'msg': '创建订单成功！', 'orderno': 'M25345363534534534534'}
[2022-08-09 11:44:05,336][test_order.py 67][INFO]: 2调用支付接口---请求参数======》{'openid': '1234', 'store': '1020', 'token': '234af73571da46ade79ea6a74961b1d23d609b79'}
[2022-08-09 11:44:05,370][test_order.py 72][INFO]: 实际结果：{'mdg': '调取支付接口成功!', 'code': 0}， 期望结果{'code': 0, 'mdg': '调取支付接口成功!'}
[2022-08-09 11:44:05,376][test_order.py 84][INFO]: 小程序sql语句SELECT item_biz_id from pay_bill_order_item where tid='M25345363534534534534';
[2022-08-09 11:44:05,398][test_order.py 90][INFO]: 取item_biz_id信息：P1166362221662498861056001
[2022-08-09 11:44:05,421][test_order.py 103][INFO]: 取价格信息32145
[2022-08-09 11:44:05,423][test_order.py 115][INFO]: 调用接口请求参数:{'item_ibz_id': 'P1166362221662498861056001', 'orderprice': '32145'}
[2022-08-09 11:44:05,455][test_order.py 117][INFO]: 调用接口响应值值：{'code': 0, 'msg': '支付成功!'}
[2022-08-09 11:44:05,455][test_order.py 119][INFO]: 实际结果：{'code': 0, 'msg': '支付成功!'}， 期望结果{'code': 0, 'msg': '支付成功!'}
[2022-08-09 11:44:05,455][test_order.py 122][DEBUG]: -------------------------------测试结束--------------------------------------
[2022-08-09 11:44:30,179][test_order.py 20][INFO]: ----------------------------测试开始-----------------------------
[2022-08-09 11:44:32,171][test_order.py 20][INFO]: ----------------------------测试开始-----------------------------
[2022-08-09 11:44:32,398][test_order.py 30][INFO]: 创建订单请求参数：{'address': 223, 'channel': '2', 'channelShopCode': 'M2-1001', 'code': '', 'internalPurchaseVo': [{'activityId': '', 'brandNo': 10, 'count': 1, 'goodsName': 'BOOM', 'guideInfo': '', 'offlineStoreCode': '1166', 'saleType': 2, 'salesPrice': 1999, 'sku': '200502667', 'spu': 'P00211'}]}
[2022-08-09 11:44:32,430][test_order.py 33][INFO]: 1-创建订单响应值：{'code': 0, 'msg': '创建订单成功！', 'orderno': 'M25345363534534534534'}
[2022-08-09 11:44:32,432][test_order.py 44][INFO]: 实际结果：{'code': 0, 'msg': '创建订单成功！', 'orderno': 'M25345363534534534534'}， 期望结果{'code': 0, 'msg': '创建订单成功！', 'orderno': 'M25345363534534534534'}
[2022-08-09 11:44:32,441][test_order.py 67][INFO]: 2调用支付接口---请求参数======》{'openid': '1234', 'store': '1020', 'token': '234af73571da46ade79ea6a74961b1d23d609b79'}
[2022-08-09 11:44:32,470][test_order.py 72][INFO]: 实际结果：{'mdg': '调取支付接口成功!', 'code': 0}， 期望结果{'code': 0, 'mdg': '调取支付接口成功!'}
[2022-08-09 11:44:32,475][test_order.py 84][INFO]: 小程序sql语句SELECT item_biz_id from pay_bill_order_item where tid='M25345363534534534534';
[2022-08-09 11:44:32,495][test_order.py 90][INFO]: 取item_biz_id信息：P1166362221662498861056001
[2022-08-09 11:44:32,516][test_order.py 103][INFO]: 取价格信息32145
[2022-08-09 11:44:32,517][test_order.py 115][INFO]: 调用接口请求参数:{'item_ibz_id': 'P1166362221662498861056001', 'orderprice': '32145'}
[2022-08-09 11:44:32,549][test_order.py 117][INFO]: 调用接口响应值值：{'code': 0, 'msg': '支付成功!'}
[2022-08-09 11:44:32,550][test_order.py 119][INFO]: 实际结果：{'code': 0, 'msg': '支付成功!'}， 期望结果{'code': 0, 'msg': '支付成功!'}
[2022-08-09 11:44:32,550][test_order.py 122][DEBUG]: -------------------------------测试结束--------------------------------------
[2022-08-09 11:47:34,419][test_order.py 20][INFO]: ----------------------------测试开始-----------------------------
[2022-08-09 11:47:35,637][test_order.py 20][INFO]: ----------------------------测试开始-----------------------------
[2022-08-09 11:47:35,887][test_order.py 30][INFO]: 创建订单请求参数：{'address': 223, 'channel': '2', 'channelShopCode': 'M2-1001', 'code': '', 'internalPurchaseVo': [{'activityId': '', 'brandNo': 10, 'count': 1, 'goodsName': 'BOOM', 'guideInfo': '', 'offlineStoreCode': '1166', 'saleType': 2, 'salesPrice': 1999, 'sku': '200502667', 'spu': 'P00211'}]}
[2022-08-09 11:47:35,921][test_order.py 33][INFO]: 1-创建订单响应值：{'code': 0, 'msg': '创建订单成功！', 'orderno': 'M25345363534534534534'}
[2022-08-09 11:47:35,923][test_order.py 44][INFO]: 实际结果：{'code': 0, 'msg': '创建订单成功！', 'orderno': 'M25345363534534534534'}， 期望结果{'code': 0, 'msg': '创建订单成功！', 'orderno': 'M25345363534534534534'}
[2022-08-09 11:47:35,935][test_order.py 67][INFO]: 2调用支付接口---请求参数======》{'openid': '1234', 'store': '1020', 'token': '234af73571da46ade79ea6a74961b1d23d609b79'}
[2022-08-09 11:47:35,970][test_order.py 72][INFO]: 实际结果：{'mdg': '调取支付接口成功!', 'code': 0}， 期望结果{'code': 0, 'mdg': '调取支付接口成功!'}
[2022-08-09 11:47:35,976][test_order.py 84][INFO]: 小程序sql语句SELECT item_biz_id from pay_bill_order_item where tid='M25345363534534534534';
[2022-08-09 11:47:35,996][test_order.py 90][INFO]: 取item_biz_id信息：P1166362221662498861056001
[2022-08-09 11:47:36,016][test_order.py 103][INFO]: 取价格信息32145
[2022-08-09 11:47:36,017][test_order.py 115][INFO]: 调用接口请求参数:{'item_ibz_id': 'P1166362221662498861056001', 'orderprice': '32145'}
[2022-08-09 11:47:36,050][test_order.py 117][INFO]: 调用接口响应值值：{'code': 0, 'msg': '支付成功!'}
[2022-08-09 11:47:36,051][test_order.py 119][INFO]: 实际结果：{'code': 0, 'msg': '支付成功!'}， 期望结果{'code': 0, 'msg': '支付成功!'}
[2022-08-09 11:47:36,051][test_order.py 122][DEBUG]: -------------------------------测试结束--------------------------------------
[2022-08-09 11:47:52,147][test_order.py 20][INFO]: ----------------------------测试开始-----------------------------
[2022-08-09 11:47:52,381][test_login.py 15][INFO]: 登录请求参数{'appid': '4567', 'openid': '1234', 'unionid': '23231442'}
[2022-08-09 11:47:52,381][test_login.py 16][INFO]: 登录响应参数{'msg': '登录成功!', 'code': 0, 'token': '234af73571da46ade79ea6a74961b1d23d609b79'}
[2022-08-09 11:47:52,429][test_order.py 30][INFO]: 创建订单请求参数：{'address': 223, 'channel': '2', 'channelShopCode': 'M2-1001', 'code': '', 'internalPurchaseVo': [{'activityId': '', 'brandNo': 10, 'count': 1, 'goodsName': 'BOOM', 'guideInfo': '', 'offlineStoreCode': '1166', 'saleType': 2, 'salesPrice': 1999, 'sku': '200502667', 'spu': 'P00211'}]}
[2022-08-09 11:47:52,468][test_order.py 33][INFO]: 1-创建订单响应值：{'code': 0, 'msg': '创建订单成功！', 'orderno': 'M25345363534534534534'}
[2022-08-09 11:47:52,470][test_order.py 44][INFO]: 实际结果：{'code': 0, 'msg': '创建订单成功！', 'orderno': 'M25345363534534534534'}， 期望结果{'code': 0, 'msg': '创建订单成功！', 'orderno': 'M25345363534534534534'}
[2022-08-09 11:47:52,481][test_order.py 67][INFO]: 2调用支付接口---请求参数======》{'openid': '1234', 'store': '1020', 'token': '234af73571da46ade79ea6a74961b1d23d609b79'}
[2022-08-09 11:47:52,521][test_order.py 72][INFO]: 实际结果：{'mdg': '调取支付接口成功!', 'code': 0}， 期望结果{'code': 0, 'mdg': '调取支付接口成功!'}
[2022-08-09 11:47:52,526][test_order.py 84][INFO]: 小程序sql语句SELECT item_biz_id from pay_bill_order_item where tid='M25345363534534534534';
[2022-08-09 11:47:52,545][test_order.py 90][INFO]: 取item_biz_id信息：P1166362221662498861056001
[2022-08-09 11:47:52,566][test_order.py 103][INFO]: 取价格信息32145
[2022-08-09 11:47:52,567][test_order.py 115][INFO]: 调用接口请求参数:{'item_ibz_id': 'P1166362221662498861056001', 'orderprice': '32145'}
[2022-08-09 11:47:52,602][test_order.py 117][INFO]: 调用接口响应值值：{'code': 0, 'msg': '支付成功!'}
[2022-08-09 11:47:52,602][test_order.py 119][INFO]: 实际结果：{'code': 0, 'msg': '支付成功!'}， 期望结果{'code': 0, 'msg': '支付成功!'}
[2022-08-09 11:47:52,602][test_order.py 122][DEBUG]: -------------------------------测试结束--------------------------------------
[2022-08-09 11:53:44,014][test_order.py 20][INFO]: ----------------------------测试开始-----------------------------
[2022-08-09 11:53:45,061][test_order.py 20][INFO]: ----------------------------测试开始-----------------------------
[2022-08-09 11:53:45,343][test_order.py 29][INFO]: 创建订单请求参数：{'address': 223, 'channel': '2', 'channelShopCode': 'M2-1001', 'code': '', 'internalPurchaseVo': [{'activityId': '', 'brandNo': 10, 'count': 1, 'goodsName': 'BOOM', 'guideInfo': '', 'offlineStoreCode': '1166', 'saleType': 2, 'salesPrice': 1999, 'sku': '200502667', 'spu': 'P00211'}]}
[2022-08-09 11:53:45,375][test_order.py 32][INFO]: 1-创建订单响应值：{'code': 0, 'msg': '创建订单成功！', 'orderno': 'M25345363534534534534'}
[2022-08-09 11:53:45,378][test_order.py 43][INFO]: 实际结果：{'code': 0, 'msg': '创建订单成功！', 'orderno': 'M25345363534534534534'}， 期望结果{'code': 0, 'msg': '创建订单成功！', 'orderno': 'M25345363534534534534'}
[2022-08-09 11:53:45,391][test_order.py 66][INFO]: 2调用支付接口---请求参数======》{'openid': '1234', 'store': '1020', 'token': '234af73571da46ade79ea6a74961b1d23d609b79'}
[2022-08-09 11:53:45,422][test_order.py 71][INFO]: 实际结果：{'mdg': '调取支付接口成功!', 'code': 0}， 期望结果{'code': 0, 'mdg': '调取支付接口成功!'}
[2022-08-09 11:53:45,429][test_order.py 83][INFO]: 小程序sql语句SELECT item_biz_id from pay_bill_order_item where tid='M25345363534534534534';
[2022-08-09 11:53:45,450][test_order.py 89][INFO]: 取item_biz_id信息：P1166362221662498861056001
[2022-08-09 11:53:45,473][test_order.py 102][INFO]: 取价格信息32145
[2022-08-09 11:53:45,474][test_order.py 114][INFO]: 调用接口请求参数:{'item_ibz_id': 'P1166362221662498861056001', 'orderprice': '32145'}
[2022-08-09 11:53:45,509][test_order.py 116][INFO]: 调用接口响应值值：{'code': 0, 'msg': '支付成功!'}
[2022-08-09 11:53:45,510][test_order.py 118][INFO]: 实际结果：{'code': 0, 'msg': '支付成功!'}， 期望结果{'code': 0, 'msg': '支付成功!'}
[2022-08-09 11:53:45,510][test_order.py 121][DEBUG]: -------------------------------测试结束--------------------------------------
[2022-08-09 12:10:18,086][test_order.py 20][INFO]: ----------------------------测试开始-----------------------------
[2022-08-09 12:10:18,256][test_login.py 15][INFO]: 登录请求参数{'appid': '4567', 'openid': '1234', 'unionid': '23231442'}
[2022-08-09 12:10:18,257][test_login.py 16][INFO]: 登录响应参数{'msg': '登录成功!', 'code': 0, 'token': '234af73571da46ade79ea6a74961b1d23d609b79'}
[2022-08-09 12:10:18,309][test_order.py 29][INFO]: 创建订单请求参数：{'address': 223, 'channel': '2', 'channelShopCode': 'M2-1001', 'code': '', 'internalPurchaseVo': [{'activityId': '', 'brandNo': 10, 'count': 1, 'goodsName': 'BOOM', 'guideInfo': '', 'offlineStoreCode': '1166', 'saleType': 2, 'salesPrice': 1999, 'sku': '200502667', 'spu': 'P00211'}]}
[2022-08-09 12:10:18,341][test_order.py 32][INFO]: 1-创建订单响应值：{'code': 0, 'msg': '创建订单成功！', 'orderno': 'M25345363534534534534'}
[2022-08-09 12:10:18,344][test_order.py 43][INFO]: 实际结果：{'code': 0, 'msg': '创建订单成功！', 'orderno': 'M25345363534534534534'}， 期望结果{'code': 0, 'msg': '创建订单成功！', 'orderno': 'M25345363534534534534'}
[2022-08-09 12:10:18,356][test_order.py 66][INFO]: 2调用支付接口---请求参数======》{'openid': '1234', 'store': '1020', 'token': '234af73571da46ade79ea6a74961b1d23d609b79'}
[2022-08-09 12:10:18,390][test_order.py 71][INFO]: 实际结果：{'mdg': '调取支付接口成功!', 'code': 0}， 期望结果{'code': 0, 'mdg': '调取支付接口成功!'}
[2022-08-09 12:10:18,396][test_order.py 83][INFO]: 小程序sql语句SELECT item_biz_id from pay_bill_order_item where tid='M25345363534534534534';
[2022-08-09 12:10:18,416][test_order.py 89][INFO]: 取item_biz_id信息：P1166362221662498861056001
[2022-08-09 12:10:18,436][test_order.py 102][INFO]: 取价格信息32145
[2022-08-09 12:10:18,438][test_order.py 114][INFO]: 调用接口请求参数:{'item_ibz_id': 'P1166362221662498861056001', 'orderprice': '32145'}
[2022-08-09 12:10:18,470][test_order.py 116][INFO]: 调用接口响应值值：{'code': 0, 'msg': '支付成功!'}
[2022-08-09 12:10:18,471][test_order.py 118][INFO]: 实际结果：{'code': 0, 'msg': '支付成功!'}， 期望结果{'code': 0, 'msg': '支付成功!'}
[2022-08-09 12:10:18,471][test_order.py 121][DEBUG]: -------------------------------测试结束--------------------------------------
[2022-08-09 12:42:59,820][test_order.py 20][INFO]: ----------------------------测试开始-----------------------------
[2022-08-09 12:43:35,102][test_order.py 20][INFO]: ----------------------------测试开始-----------------------------
[2022-08-09 12:43:35,921][test_order.py 20][INFO]: ----------------------------测试开始-----------------------------
[2022-08-09 12:43:36,113][test_order.py 30][INFO]: 创建订单请求参数：{'address': 223, 'channel': '2', 'channelShopCode': 'M2-1001', 'code': '', 'internalPurchaseVo': [{'activityId': '', 'brandNo': 10, 'count': 1, 'goodsName': 'BOOM', 'guideInfo': '', 'offlineStoreCode': '1166', 'saleType': 2, 'salesPrice': 1999, 'sku': '200502667', 'spu': 'P00211'}]}
[2022-08-09 12:43:36,145][test_order.py 33][INFO]: 1-创建订单响应值：{'code': 0, 'msg': '创建订单成功！', 'orderno': 'M25345363534534534534'}
[2022-08-09 12:43:36,147][test_order.py 44][INFO]: 实际结果：{'code': 0, 'msg': '创建订单成功！', 'orderno': 'M25345363534534534534'}， 期望结果{'code': 0, 'msg': '创建订单成功！', 'orderno': 'M25345363534534534534'}
[2022-08-09 12:43:36,157][test_order.py 67][INFO]: 2调用支付接口---请求参数======》{'openid': '1234', 'store': '1020', 'token': '234af73571da46ade79ea6a74961b1d23d609b79'}
[2022-08-09 12:43:36,188][test_order.py 72][INFO]: 实际结果：{'mdg': '调取支付接口成功!', 'code': 0}， 期望结果{'code': 0, 'mdg': '调取支付接口成功!'}
[2022-08-09 12:43:36,193][test_order.py 85][INFO]: 小程序sql语句SELECT item_biz_id from pay_bill_order_item where tid='M25345363534534534534';
[2022-08-09 12:43:36,213][test_order.py 91][INFO]: 取item_biz_id信息：P1166362221662498861056001
[2022-08-09 12:43:36,235][test_order.py 104][INFO]: 取价格信息32145
[2022-08-09 12:43:36,236][test_order.py 116][INFO]: 调用接口请求参数:{'item_ibz_id': 'P1166362221662498861056001', 'orderprice': '32145'}
[2022-08-09 12:43:36,266][test_order.py 118][INFO]: 调用接口响应值值：{'code': 0, 'msg': '支付成功!'}
[2022-08-09 12:43:36,266][test_order.py 120][INFO]: 实际结果：{'code': 0, 'msg': '支付成功!'}， 期望结果{'code': 0, 'msg': '支付成功!'}
[2022-08-09 12:43:36,266][test_order.py 123][DEBUG]: -------------------------------测试结束--------------------------------------
[2022-08-09 12:43:49,728][test_order.py 20][INFO]: ----------------------------测试开始-----------------------------
[2022-08-09 12:43:50,579][test_order.py 20][INFO]: ----------------------------测试开始-----------------------------
[2022-08-09 12:43:50,853][test_order.py 30][INFO]: 创建订单请求参数：{'address': 223, 'channel': '2', 'channelShopCode': 'M2-1001', 'code': '', 'internalPurchaseVo': [{'activityId': '', 'brandNo': 10, 'count': 1, 'goodsName': 'BOOM', 'guideInfo': '', 'offlineStoreCode': '1166', 'saleType': 2, 'salesPrice': 1999, 'sku': '200502667', 'spu': 'P00211'}]}
[2022-08-09 12:43:50,904][test_order.py 33][INFO]: 1-创建订单响应值：{'code': 0, 'msg': '创建订单成功！', 'orderno': 'M25345363534534534534'}
[2022-08-09 12:43:50,906][test_order.py 44][INFO]: 实际结果：{'code': 0, 'msg': '创建订单成功！', 'orderno': 'M25345363534534534534'}， 期望结果{'code': 0, 'msg': '创建订单成功！', 'orderno': 'M25345363534534534534'}
[2022-08-09 12:43:50,921][test_order.py 67][INFO]: 2调用支付接口---请求参数======》{'openid': '1234', 'store': '1020', 'token': '234af73571da46ade79ea6a74961b1d23d609b79'}
[2022-08-09 12:43:51,005][test_order.py 72][INFO]: 实际结果：{'mdg': '调取支付接口成功!', 'code': 0}， 期望结果{'code': 0, 'mdg': '调取支付接口成功!'}
[2022-08-09 12:43:51,011][test_order.py 85][INFO]: 小程序sql语句SELECT item_biz_id from pay_bill_order_item where tid='M25345363534534534534';
[2022-08-09 12:43:51,091][test_order.py 91][INFO]: 取item_biz_id信息：P1166362221662498861056001
[2022-08-09 12:43:51,146][test_order.py 104][INFO]: 取价格信息32145
[2022-08-09 12:43:51,147][test_order.py 116][INFO]: 调用接口请求参数:{'item_ibz_id': 'P1166362221662498861056001', 'orderprice': '32145'}
[2022-08-09 12:43:51,176][test_order.py 118][INFO]: 调用接口响应值值：{'code': 0, 'msg': '支付成功!'}
[2022-08-09 12:43:51,177][test_order.py 120][INFO]: 实际结果：{'code': 0, 'msg': '支付成功!'}， 期望结果{'code': 0, 'msg': '支付成功!'}
[2022-08-09 12:43:51,177][test_order.py 123][DEBUG]: -------------------------------测试结束--------------------------------------
[2022-08-09 12:45:59,599][test_order.py 20][INFO]: ----------------------------测试开始-----------------------------
[2022-08-09 12:46:27,606][test_order.py 20][INFO]: ----------------------------测试开始-----------------------------
[2022-08-09 12:46:28,476][test_order.py 20][INFO]: ----------------------------测试开始-----------------------------
[2022-08-09 12:46:28,676][test_login.py 15][INFO]: 登录请求参数{'appid': '4567', 'openid': '1234', 'unionid': '23231442'}
[2022-08-09 12:46:28,676][test_login.py 16][INFO]: 登录响应参数{'msg': '登录成功!', 'code': 0, 'token': '234af73571da46ade79ea6a74961b1d23d609b79'}
[2022-08-09 12:46:28,719][test_order.py 30][INFO]: 创建订单请求参数：{'address': 223, 'channel': '2', 'channelShopCode': 'M2-1001', 'code': '', 'internalPurchaseVo': [{'activityId': '', 'brandNo': 10, 'count': 1, 'goodsName': 'BOOM', 'guideInfo': '', 'offlineStoreCode': '1166', 'saleType': 2, 'salesPrice': 1999, 'sku': '200502667', 'spu': 'P00211'}]}
[2022-08-09 12:46:28,759][test_order.py 33][INFO]: 1-创建订单响应值：{'code': 0, 'msg': '创建订单成功！', 'orderno': 'M25345363534534534534'}
[2022-08-09 12:46:28,761][test_order.py 44][INFO]: 实际结果：{'code': 0, 'msg': '创建订单成功！', 'orderno': 'M25345363534534534534'}， 期望结果{'code': 0, 'msg': '创建订单成功！', 'orderno': 'M25345363534534534534'}
[2022-08-09 12:46:28,770][test_order.py 67][INFO]: 2调用支付接口---请求参数======》{'openid': '1234', 'store': '1020', 'token': '234af73571da46ade79ea6a74961b1d23d609b79'}
[2022-08-09 12:46:28,799][test_order.py 72][INFO]: 实际结果：{'mdg': '调取支付接口成功!', 'code': 0}， 期望结果{'code': 0, 'mdg': '调取支付接口成功!'}
[2022-08-09 12:46:28,804][test_order.py 85][INFO]: 小程序sql语句SELECT item_biz_id from pay_bill_order_item where tid='M25345363534534534534';
[2022-08-09 12:46:28,826][test_order.py 91][INFO]: 取item_biz_id信息：P1166362221662498861056001
[2022-08-09 12:46:28,847][test_order.py 104][INFO]: 取价格信息32145
[2022-08-09 12:46:28,848][test_order.py 116][INFO]: 调用接口请求参数:{'item_ibz_id': 'P1166362221662498861056001', 'orderprice': '32145'}
[2022-08-09 12:46:28,882][test_order.py 118][INFO]: 调用接口响应值值：{'code': 0, 'msg': '支付成功!'}
[2022-08-09 12:46:28,882][test_order.py 120][INFO]: 实际结果：{'code': 0, 'msg': '支付成功!'}， 期望结果{'code': 0, 'msg': '支付成功!'}
[2022-08-09 12:46:28,882][test_order.py 123][DEBUG]: -------------------------------测试结束--------------------------------------
[2022-08-09 12:58:15,102][test_order.py 20][INFO]: ----------------------------测试开始-----------------------------
[2022-08-09 12:58:16,381][test_order.py 20][INFO]: ----------------------------测试开始-----------------------------
[2022-08-09 12:58:16,577][test_login.py 15][INFO]: 登录请求参数{'appid': '4567', 'openid': '1234', 'unionid': '23231442'}
[2022-08-09 12:58:16,577][test_login.py 16][INFO]: 登录响应参数{'msg': '登录成功!', 'code': 0, 'token': '234af73571da46ade79ea6a74961b1d23d609b79'}
[2022-08-09 12:58:16,620][test_order.py 30][INFO]: 创建订单请求参数：{'address': 223, 'channel': '2', 'channelShopCode': 'M2-1001', 'code': '', 'internalPurchaseVo': [{'activityId': '', 'brandNo': 10, 'count': 1, 'goodsName': 'BOOM', 'guideInfo': '', 'offlineStoreCode': '1166', 'saleType': 2, 'salesPrice': 1999, 'sku': '200502667', 'spu': 'P00211'}]}
[2022-08-09 12:58:16,652][test_order.py 33][INFO]: 1-创建订单响应值：{'code': 0, 'msg': '创建订单成功！', 'orderno': 'M25345363534534534534'}
[2022-08-09 12:58:16,654][test_order.py 44][INFO]: 实际结果：{'code': 0, 'msg': '创建订单成功！', 'orderno': 'M25345363534534534534'}， 期望结果{'code': 0, 'msg': '创建订单成功！', 'orderno': 'M25345363534534534534'}
[2022-08-09 12:58:16,662][test_order.py 68][INFO]: 2调用支付接口---请求参数======》{'openid': '1234', 'store': '1020', 'token': '234af73571da46ade79ea6a74961b1d23d609b79'}
[2022-08-09 12:58:16,697][test_order.py 73][INFO]: 实际结果：{'mdg': '调取支付接口成功!', 'code': 0}， 期望结果{'code': 0, 'mdg': '调取支付接口成功!'}
[2022-08-09 12:58:16,701][test_order.py 86][INFO]: 小程序sql语句SELECT item_biz_id from pay_bill_order_item where tid='M25345363534534534534';
[2022-08-09 12:58:16,723][test_order.py 92][INFO]: 取item_biz_id信息：P1166362221662498861056001
[2022-08-09 12:58:16,746][test_order.py 105][INFO]: 取价格信息32145
[2022-08-09 12:58:16,747][test_order.py 117][INFO]: 调用接口请求参数:{'item_ibz_id': 'P1166362221662498861056001', 'orderprice': '32145'}
[2022-08-09 12:58:16,778][test_order.py 119][INFO]: 调用接口响应值值：{'code': 0, 'msg': '支付成功!'}
[2022-08-09 12:58:16,778][test_order.py 121][INFO]: 实际结果：{'code': 0, 'msg': '支付成功!'}， 期望结果{'code': 0, 'msg': '支付成功!'}
[2022-08-09 12:58:16,778][test_order.py 124][DEBUG]: -------------------------------测试结束--------------------------------------
